[21/3, 13:46:25] ALL NODES QUERIED, COMMAND_CLASS_NO_OPERATION --> 0()
[21/3, 16:30:54] ALL NODES QUERIED, COMMAND_CLASS_NO_OPERATION --> 0()
[21/3, 16:34:43] ALL NODES QUERIED, COMMAND_CLASS_NO_OPERATION --> 0()
[21/3, 16:37:56] ALL NODES QUERIED, COMMAND_CLASS_NO_OPERATION --> 0()
[21/3, 16:41:42] ALL NODES QUERIED, COMMAND_CLASS_NO_OPERATION --> 0()
[21/3, 16:43:15] ALL NODES QUERIED, COMMAND_CLASS_NO_OPERATION --> 0()
[21/3, 16:47:1] ALL NODES QUERIED, COMMAND_CLASS_NO_OPERATION --> 0()
[21/3, 16:48:48] ALL NODES QUERIED, COMMAND_CLASS_NO_OPERATION --> 0()
[21/3, 16:51:2] ALL NODES QUERIED, COMMAND_CLASS_NO_OPERATION --> 0()
[21/3, 16:53:43] ALL NODES QUERIED, COMMAND_CLASS_NO_OPERATION --> 0()
[21/3, 16:55:50] ALL NODES QUERIED, COMMAND_CLASS_NO_OPERATION --> 0()
[21/3, 16:57:23] ALL NODES QUERIED, COMMAND_CLASS_NO_OPERATION --> 0()
[21/3, 16:58:34] ALL NODES QUERIED, COMMAND_CLASS_NO_OPERATION --> 0()
[21/3, 16:59:39] ALL NODES QUERIED, COMMAND_CLASS_NO_OPERATION --> 0()
[21/3, 17:0:52] ALL NODES QUERIED, COMMAND_CLASS_NO_OPERATION --> 0()
[21/3, 17:2:15] ALL NODES QUERIED, COMMAND_CLASS_NO_OPERATION --> 0()
[21/3, 17:3:32] ALL NODES QUERIED, COMMAND_CLASS_NO_OPERATION --> 0()
[22/3, 9:22:48] ALL NODES QUERIED, COMMAND_CLASS_NO_OPERATION --> 0()
[22/3, 10:45:54] AWAKE NODES QUERIED, COMMAND_CLASS_NO_OPERATION --> 0()
[22/3, 10:45:54] ALL NODES QUERIED, COMMAND_CLASS_NO_OPERATION --> 0()
[22/3, 10:52:15] AWAKE NODES QUERIED, COMMAND_CLASS_NO_OPERATION --> 0()
[22/3, 10:52:15] ALL NODES QUERIED, COMMAND_CLASS_NO_OPERATION --> 0()
[22/3, 11:7:40] AWAKE NODES QUERIED, COMMAND_CLASS_NO_OPERATION --> 0()
[22/3, 11:7:40] ALL NODES QUERIED, COMMAND_CLASS_NO_OPERATION --> 0()
[22/3, 11:55:47] AWAKE NODES QUERIED, COMMAND_CLASS_NO_OPERATION --> 0()
[22/3, 11:55:48] ALL NODES QUERIED, COMMAND_CLASS_NO_OPERATION --> 0()
[122-3-26, 10:43:50] DRIVER FAILED, COMMAND_CLASS_NO_OPERATION --> 0()
[122-3-26, 10:48:47] AWAKE NODES QUERIED, COMMAND_CLASS_NO_OPERATION --> 0()
[122-3-26, 10:48:49] ALL NODES QUERIED, COMMAND_CLASS_NO_OPERATION --> 0()
[122-3-26, 10:50:43] AWAKE NODES QUERIED, COMMAND_CLASS_NO_OPERATION --> 0()
[122-3-26, 10:50:45] ALL NODES QUERIED, COMMAND_CLASS_NO_OPERATION --> 0()
[122-3-26, 11:6:53] NOTIFICATION, COMMAND_CLASS_NO_OPERATION --> 0()
[122-3-26, 11:7:13] AWAKE NODES QUERIED, COMMAND_CLASS_NO_OPERATION --> 0()
[122-3-26, 11:7:15] ALL NODES QUERIED, COMMAND_CLASS_NO_OPERATION --> 0()
[122-3-26, 11:34:13] AWAKE NODES QUERIED, COMMAND_CLASS_NO_OPERATION --> 0()
[122-3-26, 11:34:56] AWAKE NODES QUERIED, COMMAND_CLASS_NO_OPERATION --> 0()
[122-3-26, 11:35:53] AWAKE NODES QUERIED, COMMAND_CLASS_NO_OPERATION --> 0()
[122-3-26, 11:35:54] ALL NODES QUERIED, COMMAND_CLASS_NO_OPERATION --> 0()
[122-3-26, 11:37:2] AWAKE NODES QUERIED, COMMAND_CLASS_NO_OPERATION --> 0()
[122-3-26, 11:38:36] AWAKE NODES QUERIED, COMMAND_CLASS_NO_OPERATION --> 0()
[122-3-26, 11:39:58] AWAKE NODES QUERIED, COMMAND_CLASS_NO_OPERATION --> 0()
[122-3-26, 11:40:0] ALL NODES QUERIED, COMMAND_CLASS_NO_OPERATION --> 0()
[122-3-26, 11:46:24] AWAKE NODES QUERIED, COMMAND_CLASS_NO_OPERATION --> 0()
[122-3-26, 11:49:8] AWAKE NODES QUERIED, COMMAND_CLASS_NO_OPERATION --> 0()
[122-3-26, 11:51:39] AWAKE NODES QUERIED, COMMAND_CLASS_NO_OPERATION --> 0()
[122-3-26, 11:55:26] AWAKE NODES QUERIED, COMMAND_CLASS_NO_OPERATION --> 0()
[122-3-26, 11:56:57] AWAKE NODES QUERIED, COMMAND_CLASS_NO_OPERATION --> 0()
[122-3-26, 12:16:56] AWAKE NODES QUERIED, COMMAND_CLASS_NO_OPERATION --> 0()
[122-3-26, 12:18:12] AWAKE NODES QUERIED, COMMAND_CLASS_NO_OPERATION --> 0()
[122-3-26, 13:38:34] AWAKE NODES QUERIED, COMMAND_CLASS_NO_OPERATION --> 0()
[122-3-26, 13:40:9] AWAKE NODES QUERIED, COMMAND_CLASS_NO_OPERATION --> 0()
[122-3-26, 13:41:7] AWAKE NODES QUERIED, COMMAND_CLASS_NO_OPERATION --> 0()
[122-3-26, 13:46:30] AWAKE NODES QUERIED, COMMAND_CLASS_NO_OPERATION --> 0()
[122-3-26, 13:46:32] ALL NODES QUERIED, COMMAND_CLASS_NO_OPERATION --> 0()
[122-3-26, 14:1:32] AWAKE NODES QUERIED, COMMAND_CLASS_NO_OPERATION --> 0()
[122-3-26, 14:1:33] ALL NODES QUERIED, COMMAND_CLASS_NO_OPERATION --> 0()
[122-3-26, 14:3:23] AWAKE NODES QUERIED, COMMAND_CLASS_NO_OPERATION --> 0()
[122-3-26, 14:3:25] ALL NODES QUERIED, COMMAND_CLASS_NO_OPERATION --> 0()
[122-3-26, 14:13:5] AWAKE NODES QUERIED, COMMAND_CLASS_NO_OPERATION --> 0()
[122-3-26, 15:48:12] AWAKE NODES QUERIED, COMMAND_CLASS_NO_OPERATION --> 0()
[122-3-26, 15:48:14] ALL NODES QUERIED, COMMAND_CLASS_NO_OPERATION --> 0()
[122-3-26, 15:50:29] AWAKE NODES QUERIED, COMMAND_CLASS_NO_OPERATION --> 0()
[122-3-26, 15:50:31] ALL NODES QUERIED, COMMAND_CLASS_NO_OPERATION --> 0()
[122-3-26, 15:56:21] AWAKE NODES QUERIED, COMMAND_CLASS_NO_OPERATION --> 0()
[122-3-26, 15:56:22] ALL NODES QUERIED, COMMAND_CLASS_NO_OPERATION --> 0()
[122-3-26, 16:14:47] AWAKE NODES QUERIED, COMMAND_CLASS_NO_OPERATION --> 0()
[122-3-26, 16:14:49] ALL NODES QUERIED, COMMAND_CLASS_NO_OPERATION --> 0()
