[21/3, 13:46:23] MANUFACTURER SPECIFIC DB READY, COMMAND_CLASS_NO_OPERATION --> 0()
[21/3, 13:46:25] DRIVER RESET, COMMAND_CLASS_NO_OPERATION --> 0()
[21/3, 16:30:53] MANUFACTURER SPECIFIC DB READY, COMMAND_CLASS_NO_OPERATION --> 0()
[21/3, 16:34:42] MANUFACTURER SPECIFIC DB READY, COMMAND_CLASS_NO_OPERATION --> 0()
[21/3, 16:37:44] MANUFACTURER SPECIFIC DB READY, COMMAND_CLASS_NO_OPERATION --> 0()
[21/3, 16:41:41] MANUFACTURER SPECIFIC DB READY, COMMAND_CLASS_NO_OPERATION --> 0()
[21/3, 16:43:14] MANUFACTURER SPECIFIC DB READY, COMMAND_CLASS_NO_OPERATION --> 0()
[21/3, 16:47:0] MANUFACTURER SPECIFIC DB READY, COMMAND_CLASS_NO_OPERATION --> 0()
[21/3, 16:48:46] MANUFACTURER SPECIFIC DB READY, COMMAND_CLASS_NO_OPERATION --> 0()
[21/3, 16:51:1] MANUFACTURER SPECIFIC DB READY, COMMAND_CLASS_NO_OPERATION --> 0()
[21/3, 16:53:42] MANUFACTURER SPECIFIC DB READY, COMMAND_CLASS_NO_OPERATION --> 0()
[21/3, 16:55:49] MANUFACTURER SPECIFIC DB READY, COMMAND_CLASS_NO_OPERATION --> 0()
[21/3, 16:55:52] CONTROLLER COMMAND, COMMAND_CLASS_NO_OPERATION --> 0()
[21/3, 16:55:52] CONTROLLER COMMAND, COMMAND_CLASS_NO_OPERATION --> 0()
[21/3, 16:57:6] MANUFACTURER SPECIFIC DB READY, COMMAND_CLASS_NO_OPERATION --> 0()
[21/3, 16:57:23] MANUFACTURER SPECIFIC DB READY, COMMAND_CLASS_NO_OPERATION --> 0()
[21/3, 16:57:30] CONTROLLER COMMAND, COMMAND_CLASS_NO_OPERATION --> 0()
[21/3, 16:57:30] CONTROLLER COMMAND, COMMAND_CLASS_NO_OPERATION --> 0()
[21/3, 16:57:30] CONTROLLER COMMAND, COMMAND_CLASS_NO_OPERATION --> 0()
[21/3, 16:58:32] MANUFACTURER SPECIFIC DB READY, COMMAND_CLASS_NO_OPERATION --> 0()
[21/3, 16:58:34] DRIVER RESET, COMMAND_CLASS_NO_OPERATION --> 0()
[21/3, 16:59:38] MANUFACTURER SPECIFIC DB READY, COMMAND_CLASS_NO_OPERATION --> 0()
[21/3, 17:0:51] MANUFACTURER SPECIFIC DB READY, COMMAND_CLASS_NO_OPERATION --> 0()
[21/3, 17:2:12] MANUFACTURER SPECIFIC DB READY, COMMAND_CLASS_NO_OPERATION --> 0()
[21/3, 17:2:15] DRIVER RESET, COMMAND_CLASS_NO_OPERATION --> 0()
[21/3, 17:3:31] MANUFACTURER SPECIFIC DB READY, COMMAND_CLASS_NO_OPERATION --> 0()
[22/3, 9:22:47] MANUFACTURER SPECIFIC DB READY, COMMAND_CLASS_NO_OPERATION --> 0()
[22/3, 9:22:48] DRIVER RESET, COMMAND_CLASS_NO_OPERATION --> 0()
[22/3, 9:23:12] CONTROLLER COMMAND, COMMAND_CLASS_NO_OPERATION --> 0()
[22/3, 9:23:12] CONTROLLER COMMAND, COMMAND_CLASS_NO_OPERATION --> 0()
[22/3, 9:23:17] CONTROLLER COMMAND, COMMAND_CLASS_NO_OPERATION --> 0()
[22/3, 10:45:52] MANUFACTURER SPECIFIC DB READY, COMMAND_CLASS_NO_OPERATION --> 0()
[22/3, 10:52:13] MANUFACTURER SPECIFIC DB READY, COMMAND_CLASS_NO_OPERATION --> 0()
[22/3, 11:7:37] MANUFACTURER SPECIFIC DB READY, COMMAND_CLASS_NO_OPERATION --> 0()
[22/3, 11:55:46] MANUFACTURER SPECIFIC DB READY, COMMAND_CLASS_NO_OPERATION --> 0()
[122-3-26, 10:48:45] MANUFACTURER SPECIFIC DB READY, COMMAND_CLASS_NO_OPERATION --> 0()
[122-3-26, 10:50:41] MANUFACTURER SPECIFIC DB READY, COMMAND_CLASS_NO_OPERATION --> 0()
[122-3-26, 11:6:43] MANUFACTURER SPECIFIC DB READY, COMMAND_CLASS_NO_OPERATION --> 0()
[122-3-26, 11:7:11] MANUFACTURER SPECIFIC DB READY, COMMAND_CLASS_NO_OPERATION --> 0()
[122-3-26, 11:34:11] MANUFACTURER SPECIFIC DB READY, COMMAND_CLASS_NO_OPERATION --> 0()
[122-3-26, 11:34:54] MANUFACTURER SPECIFIC DB READY, COMMAND_CLASS_NO_OPERATION --> 0()
[122-3-26, 11:35:50] MANUFACTURER SPECIFIC DB READY, COMMAND_CLASS_NO_OPERATION --> 0()
[122-3-26, 11:36:59] MANUFACTURER SPECIFIC DB READY, COMMAND_CLASS_NO_OPERATION --> 0()
[122-3-26, 11:38:33] MANUFACTURER SPECIFIC DB READY, COMMAND_CLASS_NO_OPERATION --> 0()
[122-3-26, 11:39:55] MANUFACTURER SPECIFIC DB READY, COMMAND_CLASS_NO_OPERATION --> 0()
[122-3-26, 11:39:56] DRIVER RESET, COMMAND_CLASS_NO_OPERATION --> 0()
[122-3-26, 11:46:22] MANUFACTURER SPECIFIC DB READY, COMMAND_CLASS_NO_OPERATION --> 0()
[122-3-26, 11:49:6] MANUFACTURER SPECIFIC DB READY, COMMAND_CLASS_NO_OPERATION --> 0()
[122-3-26, 11:51:35] MANUFACTURER SPECIFIC DB READY, COMMAND_CLASS_NO_OPERATION --> 0()
[122-3-26, 11:51:38] DRIVER RESET, COMMAND_CLASS_NO_OPERATION --> 0()
[122-3-26, 11:55:24] MANUFACTURER SPECIFIC DB READY, COMMAND_CLASS_NO_OPERATION --> 0()
[122-3-26, 11:56:54] MANUFACTURER SPECIFIC DB READY, COMMAND_CLASS_NO_OPERATION --> 0()
[122-3-26, 12:16:54] MANUFACTURER SPECIFIC DB READY, COMMAND_CLASS_NO_OPERATION --> 0()
[122-3-26, 12:18:9] MANUFACTURER SPECIFIC DB READY, COMMAND_CLASS_NO_OPERATION --> 0()
[122-3-26, 13:38:31] MANUFACTURER SPECIFIC DB READY, COMMAND_CLASS_NO_OPERATION --> 0()
[122-3-26, 13:38:32] DRIVER RESET, COMMAND_CLASS_NO_OPERATION --> 0()
[122-3-26, 13:40:5] MANUFACTURER SPECIFIC DB READY, COMMAND_CLASS_NO_OPERATION --> 0()
[122-3-26, 13:40:8] DRIVER RESET, COMMAND_CLASS_NO_OPERATION --> 0()
[122-3-26, 13:41:4] MANUFACTURER SPECIFIC DB READY, COMMAND_CLASS_NO_OPERATION --> 0()
[122-3-26, 13:46:28] MANUFACTURER SPECIFIC DB READY, COMMAND_CLASS_NO_OPERATION --> 0()
[122-3-26, 14:1:29] MANUFACTURER SPECIFIC DB READY, COMMAND_CLASS_NO_OPERATION --> 0()
[122-3-26, 14:3:21] MANUFACTURER SPECIFIC DB READY, COMMAND_CLASS_NO_OPERATION --> 0()
[122-3-26, 14:13:3] MANUFACTURER SPECIFIC DB READY, COMMAND_CLASS_NO_OPERATION --> 0()
[122-3-26, 14:24:24] MANUFACTURER SPECIFIC DB READY, COMMAND_CLASS_NO_OPERATION --> 0()
[122-3-26, 14:25:34] MANUFACTURER SPECIFIC DB READY, COMMAND_CLASS_NO_OPERATION --> 0()
[122-3-26, 15:20:34] MANUFACTURER SPECIFIC DB READY, COMMAND_CLASS_NO_OPERATION --> 0()
[122-3-26, 15:48:10] MANUFACTURER SPECIFIC DB READY, COMMAND_CLASS_NO_OPERATION --> 0()
[122-3-26, 15:50:26] MANUFACTURER SPECIFIC DB READY, COMMAND_CLASS_NO_OPERATION --> 0()
[122-3-26, 15:50:28] DRIVER RESET, COMMAND_CLASS_NO_OPERATION --> 0()
[122-3-26, 15:56:18] MANUFACTURER SPECIFIC DB READY, COMMAND_CLASS_NO_OPERATION --> 0()
[122-3-26, 16:14:44] MANUFACTURER SPECIFIC DB READY, COMMAND_CLASS_NO_OPERATION --> 0()
[122-3-26, 16:14:46] DRIVER RESET, COMMAND_CLASS_NO_OPERATION --> 0()
