2022-04-26 16:29:49.385 Always, OpenZwave Version 1.6-2014-gb67f3c3e-dirty Starting Up
2022-04-26 16:29:49.387 Info, Loading Localization File config/Localization.xml
2022-04-26 16:29:49.388 Info, Loaded config/Localization.xml With Revision 12
2022-04-26 16:29:49.388 Always, Using Language Localization fr
2022-04-26 16:29:49.389 Info, Loading NotificationCCTypes File config/NotificationCCTypes.xml
2022-04-26 16:29:49.389 Info, Loaded config/NotificationCCTypes.xml With Revision 11
2022-04-26 16:29:49.389 Info, Loading SensorMultiLevelCCTypes File config/SensorMultiLevelCCTypes.xml
2022-04-26 16:29:49.390 Info, Loaded config/SensorMultiLevelCCTypes.xml With Revision 4
2022-04-26 16:29:49.390 Info, Setting Up Provided Network Key for Secure Communications
2022-04-26 16:29:49.390 Warning, Failed - Network Key Not Set
2022-04-26 16:29:49.393 Info, Manufacturer_Specific.xml file Revision is 172
2022-04-26 16:29:49.523 Info, Product name collision: SmartCode 910 type 1 id 1 manufacturerid 90, collides with Touchpad Electronic Deadbolt, type 1 id 1 manufacturerid 90
2022-04-26 16:29:49.533 Info, Product name collision: MS11Z type ff00 id ff04 manufacturerid 312, collides with LZW30 Switch, type ff00 id ff04 manufacturerid 312
2022-04-26 16:29:49.560 Info, Product name collision: NAS-CS01Z Curtain Switch type 200 id 102c manufacturerid 258, collides with NAS-SC03ZE Roller Shutter, type 200 id 102c manufacturerid 258
2022-04-26 16:29:49.590 Info, Queuing Lookup on mfs.db.openzwave.com for Node 0
2022-04-26 16:29:49.590 Info,   Opening controller /dev/ttyACM1
2022-04-26 16:29:49.590 Info, Trying to open serial port /dev/ttyACM1 (attempt 1)
2022-04-26 16:29:49.591 Info, mgr,     Added driver for controller /dev/ttyACM1
2022-04-26 16:29:49.591 Info, Timer: thread starting
2022-04-26 16:29:49.591 Detail, Timer: waiting with timeout -1 ms
2022-04-26 16:29:49.591 Info, Starting DNSThread
2022-04-26 16:29:49.591 Info, LookupTxT Checking mfs.db.openzwave.com
2022-04-26 16:29:49.591 Info, Lookup for mfs.db.openzwave.com returned 151
2022-04-26 16:29:49.608 Info, Serial port /dev/ttyACM1 opened (attempt 1)
2022-04-26 16:29:49.608 Detail, contrlr, Queuing (Command) FUNC_ID_ZW_GET_VERSION: 0x01, 0x03, 0x00, 0x15, 0xe9
2022-04-26 16:29:49.830 Info, ManufacturerSpecificDB Initialized
2022-04-26 16:29:49.830 Detail, Notification: ManufacturerSpecificDB Ready
2022-04-26 16:29:49.830 Detail, 
2022-04-26 16:29:49.830 Info, contrlr, Sending (Command) message (Callback ID=0x00, Expected Reply=0x15) - FUNC_ID_ZW_GET_VERSION: 0x01, 0x03, 0x00, 0x15, 0xe9
2022-04-26 16:29:49.830 Info, contrlr, Encrypted Flag is 0
2022-04-26 16:29:49.844 Detail, contrlr,   Received: 0x01, 0x10, 0x01, 0x15, 0x5a, 0x2d, 0x57, 0x61, 0x76, 0x65, 0x20, 0x34, 0x2e, 0x36, 0x31, 0x00, 0x01, 0x95
2022-04-26 16:29:49.845 Detail, 
2022-04-26 16:29:49.845 Info, contrlr, Received reply to FUNC_ID_ZW_GET_VERSION:
2022-04-26 16:29:49.845 Info, contrlr,     Static Controller library, version Z-Wave 4.61
2022-04-26 16:29:49.845 Detail, contrlr, Queuing (Command) FUNC_ID_ZW_MEMORY_GET_ID: 0x01, 0x03, 0x00, 0x20, 0xdc
2022-04-26 16:29:49.845 Detail, contrlr,   Expected reply was received
2022-04-26 16:29:49.845 Detail, contrlr,   Message transaction complete
2022-04-26 16:29:49.845 Detail, 
2022-04-26 16:29:49.845 Detail, contrlr, Removing current message
2022-04-26 16:29:49.845 Detail, 
2022-04-26 16:29:49.845 Info, contrlr, Sending (Command) message (Callback ID=0x00, Expected Reply=0x20) - FUNC_ID_ZW_MEMORY_GET_ID: 0x01, 0x03, 0x00, 0x20, 0xdc
2022-04-26 16:29:49.845 Info, contrlr, Encrypted Flag is 0
2022-04-26 16:29:49.856 Detail, contrlr,   Received: 0x01, 0x08, 0x01, 0x20, 0xcd, 0x6d, 0x8e, 0xda, 0x01, 0x23
2022-04-26 16:29:49.856 Detail, 
2022-04-26 16:29:49.856 Info, contrlr, Received reply to FUNC_ID_ZW_MEMORY_GET_ID. Home ID = 0xcd6d8eda.  Our node ID = 1
2022-04-26 16:29:49.856 Detail, contrlr, Queuing (Command) FUNC_ID_ZW_GET_CONTROLLER_CAPABILITIES: 0x01, 0x03, 0x00, 0x05, 0xf9
2022-04-26 16:29:49.856 Detail, contrlr,   Expected reply was received
2022-04-26 16:29:49.856 Detail, contrlr,   Message transaction complete
2022-04-26 16:29:49.856 Detail, 
2022-04-26 16:29:49.856 Detail, contrlr, Removing current message
2022-04-26 16:29:49.856 Detail, 
2022-04-26 16:29:49.856 Info, contrlr, Sending (Command) message (Callback ID=0x00, Expected Reply=0x05) - FUNC_ID_ZW_GET_CONTROLLER_CAPABILITIES: 0x01, 0x03, 0x00, 0x05, 0xf9
2022-04-26 16:29:49.856 Info, contrlr, Encrypted Flag is 0
2022-04-26 16:29:49.862 Detail, contrlr,   Received: 0x01, 0x04, 0x01, 0x05, 0x3c, 0xc3
2022-04-26 16:29:49.862 Detail, 
2022-04-26 16:29:49.862 Info, contrlr, Received reply to FUNC_ID_ZW_GET_CONTROLLER_CAPABILITIES:
2022-04-26 16:29:49.862 Info, contrlr,     There is a SUC ID Server (SIS) in this network.
2022-04-26 16:29:49.862 Info, contrlr,     The PC controller is an inclusion static update controller (SUC) and was the original primary before the SIS was added.
2022-04-26 16:29:49.862 Detail, contrlr, Queuing (Command) FUNC_ID_ZW_GET_SUC_NODE_ID: 0x01, 0x03, 0x00, 0x56, 0xaa
2022-04-26 16:29:49.862 Detail, contrlr,   Expected reply was received
2022-04-26 16:29:49.862 Detail, contrlr,   Message transaction complete
2022-04-26 16:29:49.862 Detail, 
2022-04-26 16:29:49.862 Detail, contrlr, Removing current message
2022-04-26 16:29:49.862 Detail, 
2022-04-26 16:29:49.862 Info, contrlr, Sending (Command) message (Callback ID=0x00, Expected Reply=0x56) - FUNC_ID_ZW_GET_SUC_NODE_ID: 0x01, 0x03, 0x00, 0x56, 0xaa
2022-04-26 16:29:49.862 Info, contrlr, Encrypted Flag is 0
2022-04-26 16:29:49.870 Detail, contrlr,   Received: 0x01, 0x04, 0x01, 0x56, 0x01, 0xad
2022-04-26 16:29:49.870 Detail, 
2022-04-26 16:29:49.870 Info, contrlr, Received reply to GET_SUC_NODE_ID.  Node ID = 1
2022-04-26 16:29:49.870 Detail, contrlr, Queuing (Command) FUNC_ID_SERIAL_API_GET_CAPABILITIES: 0x01, 0x03, 0x00, 0x07, 0xfb
2022-04-26 16:29:49.870 Detail, contrlr,   Expected reply was received
2022-04-26 16:29:49.870 Detail, contrlr,   Message transaction complete
2022-04-26 16:29:49.870 Detail, 
2022-04-26 16:29:49.870 Detail, contrlr, Removing current message
2022-04-26 16:29:49.870 Detail, 
2022-04-26 16:29:49.870 Info, contrlr, Sending (Command) message (Callback ID=0x00, Expected Reply=0x07) - FUNC_ID_SERIAL_API_GET_CAPABILITIES: 0x01, 0x03, 0x00, 0x07, 0xfb
2022-04-26 16:29:49.870 Info, contrlr, Encrypted Flag is 0
2022-04-26 16:29:49.878 Detail, contrlr,   Received: 0x01, 0x2b, 0x01, 0x07, 0x05, 0x19, 0x01, 0x15, 0x04, 0x00, 0x00, 0x01, 0xfe, 0x85, 0x7f, 0x88, 0xcf, 0x3f, 0xc0, 0x47, 0xfb, 0xdf, 0xfd, 0xe0, 0x67, 0x00, 0x80, 0x80, 0x00, 0x80, 0x86, 0x00, 0x00, 0x00, 0xe8, 0x73, 0x00, 0x80, 0x0f, 0x00, 0x00, 0x60, 0x5a, 0x00, 0x52
2022-04-26 16:29:49.878 Detail, 
2022-04-26 16:29:49.878 Info, contrlr,  Received reply to FUNC_ID_SERIAL_API_GET_CAPABILITIES
2022-04-26 16:29:49.878 Info, contrlr,     Serial API Version:   5.25
2022-04-26 16:29:49.878 Info, contrlr,     Manufacturer ID:      0x0115
2022-04-26 16:29:49.878 Info, contrlr,     Product Type:         0x0400
2022-04-26 16:29:49.878 Info, contrlr,     Product ID:           0x0001
2022-04-26 16:29:49.878 Detail, contrlr, Queuing (Command) FUNC_ID_ZW_GET_RANDOM: 0x01, 0x04, 0x00, 0x1c, 0x20, 0xc7
2022-04-26 16:29:49.878 Detail, contrlr, Queuing (Command) FUNC_ID_SERIAL_API_SETUP: 0x01, 0x05, 0x00, 0x0b, 0x02, 0x01, 0xf2
2022-04-26 16:29:49.878 Detail, contrlr, Queuing (Command) FUNC_ID_SERIAL_API_GET_INIT_DATA: 0x01, 0x03, 0x00, 0x02, 0xfe
2022-04-26 16:29:49.878 Detail, contrlr, Queuing (Command) FUNC_ID_SERIAL_API_SET_TIMEOUTS: 0x01, 0x05, 0x00, 0x06, 0x64, 0x0f, 0x97
2022-04-26 16:29:49.878 Detail, contrlr, Queuing (Command) FUNC_ID_SERIAL_API_APPL_NODE_INFORMATION: 0x01, 0x08, 0x00, 0x03, 0x01, 0x02, 0x01, 0x01, 0x5e, 0xa9
2022-04-26 16:29:49.878 Detail, contrlr,   Expected reply was received
2022-04-26 16:29:49.878 Detail, contrlr,   Message transaction complete
2022-04-26 16:29:49.878 Detail, 
2022-04-26 16:29:49.878 Detail, contrlr, Removing current message
2022-04-26 16:29:49.878 Detail, 
2022-04-26 16:29:49.878 Info, contrlr, Sending (Command) message (Callback ID=0x00, Expected Reply=0x1c) - FUNC_ID_ZW_GET_RANDOM: 0x01, 0x04, 0x00, 0x1c, 0x20, 0xc7
2022-04-26 16:29:49.878 Info, contrlr, Encrypted Flag is 0
2022-04-26 16:29:49.943 Detail, contrlr,   Received: 0x01, 0x25, 0x01, 0x1c, 0x01, 0x20, 0xed, 0x01, 0x48, 0xef, 0x65, 0x29, 0xfb, 0x26, 0x38, 0xad, 0x0a, 0x83, 0x05, 0x61, 0x92, 0x8b, 0x99, 0x6d, 0x59, 0x33, 0xd7, 0x01, 0x19, 0xee, 0x51, 0xe3, 0x0a, 0x16, 0x79, 0x97, 0x57, 0xe1, 0x14
2022-04-26 16:29:49.943 Detail, 
2022-04-26 16:29:49.943 Info, Received reply to FUNC_ID_ZW_GET_RANDOM: true
2022-04-26 16:29:49.943 Detail, contrlr,   Expected reply was received
2022-04-26 16:29:49.943 Detail, contrlr,   Message transaction complete
2022-04-26 16:29:49.943 Detail, 
2022-04-26 16:29:49.943 Detail, contrlr, Removing current message
2022-04-26 16:29:49.943 Detail, 
2022-04-26 16:29:49.943 Info, contrlr, Sending (Command) message (Callback ID=0x00, Expected Reply=0x0b) - FUNC_ID_SERIAL_API_SETUP: 0x01, 0x05, 0x00, 0x0b, 0x02, 0x01, 0xf2
2022-04-26 16:29:49.943 Info, contrlr, Encrypted Flag is 0
2022-04-26 16:29:49.953 Detail, contrlr,   Received: 0x01, 0x05, 0x01, 0x0b, 0x02, 0x01, 0xf3
2022-04-26 16:29:49.953 Detail, 
2022-04-26 16:29:49.953 Info, Received reply to FUNC_ID_SERIAL_API_SETUP
2022-04-26 16:29:49.953 Info, Successfully enabled extended txStatusReport.
2022-04-26 16:29:49.953 Detail, contrlr,   Expected reply was received
2022-04-26 16:29:49.953 Detail, contrlr,   Message transaction complete
2022-04-26 16:29:49.953 Detail, 
2022-04-26 16:29:49.953 Detail, contrlr, Removing current message
2022-04-26 16:29:49.953 Detail, 
2022-04-26 16:29:49.953 Info, contrlr, Sending (Command) message (Callback ID=0x00, Expected Reply=0x02) - FUNC_ID_SERIAL_API_GET_INIT_DATA: 0x01, 0x03, 0x00, 0x02, 0xfe
2022-04-26 16:29:49.953 Info, contrlr, Encrypted Flag is 0
2022-04-26 16:29:50.056 Detail, contrlr,   Received: 0x01, 0x25, 0x01, 0x02, 0x06, 0x08, 0x1d, 0x01, 0x00, 0x00, 0x00, 0x00, 0x00, 0x00, 0x00, 0x00, 0x00, 0x00, 0x00, 0x00, 0x00, 0x00, 0x00, 0x00, 0x00, 0x00, 0x00, 0x00, 0x00, 0x00, 0x00, 0x00, 0x00, 0x00, 0x00, 0x00, 0x05, 0x00, 0xce
2022-04-26 16:29:50.056 Detail, 
2022-04-26 16:29:50.056 Info, mgr,     Driver with Home ID of 0xcd6d8eda is now ready.
2022-04-26 16:29:50.056 Info, 
2022-04-26 16:29:50.056 Info, contrlr, Received reply to FUNC_ID_SERIAL_API_GET_INIT_DATA:
2022-04-26 16:29:50.056 Info, contrlr,     Node 001 - New
2022-04-26 16:29:50.056 Detail, Node001, AdvanceQueries queryPending=0 queryRetries=0 queryStage=None live=1
2022-04-26 16:29:50.056 Detail, Node001, QueryStage_ProtocolInfo
2022-04-26 16:29:50.056 Detail, Node001, Queuing (Query) Get Node Protocol Info (Node=1): 0x01, 0x04, 0x00, 0x41, 0x01, 0xbb
2022-04-26 16:29:50.056 Detail, Node001, Queuing (Query) Query Stage Complete (ProtocolInfo)
2022-04-26 16:29:50.056 Info, Node001, Initializing Node. New Node: false (false)
2022-04-26 16:29:50.056 Detail, contrlr,   Expected reply was received
2022-04-26 16:29:50.056 Detail, contrlr,   Message transaction complete
2022-04-26 16:29:50.056 Detail, 
2022-04-26 16:29:50.056 Detail, contrlr, Removing current message
2022-04-26 16:29:50.056 Detail, Node001, Notification: DriverReady
2022-04-26 16:29:50.056 Detail, Node001, Notification: NodeNew
2022-04-26 16:29:50.056 Detail, Node001, Notification: NodeAdded
2022-04-26 16:29:50.056 Detail, 
2022-04-26 16:29:50.056 Info, contrlr, Sending (Command) message (Callback ID=0x00, Expected Reply=0x06) - FUNC_ID_SERIAL_API_SET_TIMEOUTS: 0x01, 0x05, 0x00, 0x06, 0x64, 0x0f, 0x97
2022-04-26 16:29:50.056 Info, contrlr, Encrypted Flag is 0
2022-04-26 16:29:50.066 Detail, contrlr,   Received: 0x01, 0x05, 0x01, 0x06, 0x64, 0x0f, 0x96
2022-04-26 16:29:50.066 Detail, 
2022-04-26 16:29:50.066 Info, contrlr, Received reply to FUNC_ID_SERIAL_API_SET_TIMEOUTS
2022-04-26 16:29:50.066 Detail, contrlr,   Expected reply was received
2022-04-26 16:29:50.066 Detail, contrlr,   Message transaction complete
2022-04-26 16:29:50.066 Detail, 
2022-04-26 16:29:50.066 Detail, contrlr, Removing current message
2022-04-26 16:29:50.066 Detail, 
2022-04-26 16:29:50.066 Info, contrlr, Sending (Command) message (Callback ID=0x00, Expected Reply=0x00) - FUNC_ID_SERIAL_API_APPL_NODE_INFORMATION: 0x01, 0x08, 0x00, 0x03, 0x01, 0x02, 0x01, 0x01, 0x5e, 0xa9
2022-04-26 16:29:50.066 Info, contrlr, Encrypted Flag is 0
2022-04-26 16:29:50.073 Detail, contrlr, Removing current message
2022-04-26 16:29:50.073 Detail, 
2022-04-26 16:29:50.073 Info, Node001, Sending (Query) message (Callback ID=0x00, Expected Reply=0x41) - Get Node Protocol Info (Node=1): 0x01, 0x04, 0x00, 0x41, 0x01, 0xbb
2022-04-26 16:29:50.073 Info, Node001, Encrypted Flag is 0
2022-04-26 16:29:50.082 Detail, Node001,   Received: 0x01, 0x09, 0x01, 0x41, 0xd3, 0x16, 0x01, 0x02, 0x02, 0x01, 0x73
2022-04-26 16:29:50.082 Detail, 
2022-04-26 16:29:50.082 Info, Node001, Received reply to FUNC_ID_ZW_GET_NODE_PROTOCOL_INFO
2022-04-26 16:29:50.082 Info, Node001,   Protocol Info for Node 1:
2022-04-26 16:29:50.082 Info, Node001,     Listening     = true
2022-04-26 16:29:50.082 Info, Node001,     Beaming       = true
2022-04-26 16:29:50.082 Info, Node001,     Routing       = true
2022-04-26 16:29:50.082 Info, Node001,     Max Baud Rate = 100000
2022-04-26 16:29:50.082 Info, Node001,     Version       = 4
2022-04-26 16:29:50.082 Info, Node001,     Security      = false
2022-04-26 16:29:50.083 Info, Node001,   Basic device class    (0x02) - Static Controller
2022-04-26 16:29:50.083 Info, Node001,   Generic device Class  (0x02) - Static Controller
2022-04-26 16:29:50.083 Info, Node001,   Specific device class (0x01) - Static PC Controller
2022-04-26 16:29:50.083 Info, Node001,   Mandatory Command Classes for Node 1:
2022-04-26 16:29:50.083 Info, Node001,     COMMAND_CLASS_MANUFACTURER_SPECIFIC
2022-04-26 16:29:50.083 Info, Node001,   Mandatory Command Classes controlled by Node 1:
2022-04-26 16:29:50.083 Info, Node001,     COMMAND_CLASS_BASIC
2022-04-26 16:29:50.083 Detail, Node001,   Expected reply was received
2022-04-26 16:29:50.083 Detail, Node001,   Message transaction complete
2022-04-26 16:29:50.083 Detail, 
2022-04-26 16:29:50.083 Detail, Node001, Removing current message
2022-04-26 16:29:50.083 Detail, Node001, Notification: NodeProtocolInfo
2022-04-26 16:29:50.083 Detail, Node001, Query Stage Complete (ProtocolInfo)
2022-04-26 16:29:50.083 Detail, Node001, AdvanceQueries queryPending=0 queryRetries=0 queryStage=Probe live=1
2022-04-26 16:29:50.083 Detail, Node001, QueryStage_Probe
2022-04-26 16:29:50.083 Detail, Node001, QueryStage_WakeUp
2022-04-26 16:29:50.083 Info, Node001, NodeInfo Stage - NodeInfoRecieved 0 - NotInfoSupported 1
2022-04-26 16:29:50.083 Detail, Node001, QueryStage_NodePlusInfo
2022-04-26 16:29:50.083 Detail, Node001, QueryStage_SecurityReport
2022-04-26 16:29:50.083 Detail, Node001, QueryStage_Versions
2022-04-26 16:29:50.083 Detail, Node001, QueryStage_ManufacturerSpecific1
2022-04-26 16:29:50.083 Detail, Node001, Load Controller Manufacturer Specific Config
2022-04-26 16:29:50.083 Detail, Node001, QueryStage_Instances
2022-04-26 16:29:50.083 Info, Node001, Essential node queries are complete
2022-04-26 16:29:50.083 Detail, Node001, QueryStage_ManufacturerSpecific2
2022-04-26 16:29:50.083 Detail, Node001, QueryStage_Static
2022-04-26 16:29:50.083 Info, Node001, Creating ValueIDs for Instance 1 on COMMAND_CLASS_BASIC
2022-04-26 16:29:50.083 Info, Node001, COMMAND_CLASS_BASIC is not mapped to another CC. Exposing ValueID
2022-04-26 16:29:50.083 Info, Node001, Creating ValueIDs for Instance 1 on COMMAND_CLASS_MANUFACTURER_SPECIFIC
2022-04-26 16:29:50.083 Detail, Node001, QueryStage_Associations
2022-04-26 16:29:50.083 Detail, Node001, QueryStage_Neighbors
2022-04-26 16:29:50.083 Detail, Requesting routing info (neighbor list) for Node 1
2022-04-26 16:29:50.083 Detail, Node001, Queuing (Command) Get Routing Info (Node=1): 0x01, 0x07, 0x00, 0x80, 0x01, 0x00, 0x00, 0x03, 0x7a
2022-04-26 16:29:50.083 Detail, Node001, Queuing (Query) Query Stage Complete (Neighbors)
2022-04-26 16:29:50.083 Detail, Node001, Notification: EssentialNodeQueriesComplete
2022-04-26 16:29:50.083 Detail, Node001, Notification: ValueAdded CC: COMMAND_CLASS_BASIC Instance: 1 Index: 0
2022-04-26 16:29:50.083 Detail, Node001, Notification: ValueAdded CC: COMMAND_CLASS_BASIC Instance: 1 Index: 1
2022-04-26 16:29:50.083 Detail, Node001, Notification: ValueAdded CC: COMMAND_CLASS_BASIC Instance: 1 Index: 2
2022-04-26 16:29:50.083 Detail, Node001, Notification: ValueAdded CC: COMMAND_CLASS_MANUFACTURER_SPECIFIC Instance: 1 Index: 0
2022-04-26 16:29:50.084 Detail, Node001, Notification: ValueAdded CC: COMMAND_CLASS_MANUFACTURER_SPECIFIC Instance: 1 Index: 1
2022-04-26 16:29:50.084 Detail, Node001, Notification: ValueAdded CC: COMMAND_CLASS_MANUFACTURER_SPECIFIC Instance: 1 Index: 2
2022-04-26 16:29:50.084 Detail, 
2022-04-26 16:29:50.084 Info, Node001, Sending (Command) message (Callback ID=0x00, Expected Reply=0x80) - Get Routing Info (Node=1): 0x01, 0x07, 0x00, 0x80, 0x01, 0x00, 0x00, 0x03, 0x7a
2022-04-26 16:29:50.084 Info, Node001, Encrypted Flag is 0
2022-04-26 16:29:50.093 Detail, Node001,   Received: 0x01, 0x20, 0x01, 0x80, 0x00, 0x00, 0x00, 0x00, 0x00, 0x00, 0x00, 0x00, 0x00, 0x00, 0x00, 0x00, 0x00, 0x00, 0x00, 0x00, 0x00, 0x00, 0x00, 0x00, 0x00, 0x00, 0x00, 0x00, 0x00, 0x00, 0x00, 0x00, 0x00, 0x5e
2022-04-26 16:29:50.093 Detail, 
2022-04-26 16:29:50.093 Info, Node001, Received reply to FUNC_ID_ZW_GET_ROUTING_INFO
2022-04-26 16:29:50.093 Info, Node001,     Neighbors of this node are:
2022-04-26 16:29:50.093 Info, Node001,  (none reported)
2022-04-26 16:29:50.093 Detail, Node001,   Expected reply was received
2022-04-26 16:29:50.093 Detail, Node001,   Message transaction complete
2022-04-26 16:29:50.093 Detail, 
2022-04-26 16:29:50.093 Detail, Node001, Removing current message
2022-04-26 16:29:50.093 Detail, Node001, Query Stage Complete (Neighbors)
2022-04-26 16:29:50.093 Detail, Node001, AdvanceQueries queryPending=0 queryRetries=0 queryStage=Session live=1
2022-04-26 16:29:50.093 Detail, Node001, QueryStage_Session
2022-04-26 16:29:50.093 Detail, Node001, QueryStage_Dynamic
2022-04-26 16:29:50.093 Detail, Node001, QueryStage_Configuration
2022-04-26 16:29:50.093 Detail, Node001, QueryStage_Complete
2022-04-26 16:29:50.093 Warning, CheckCompletedNodeQueries m_allNodesQueried=0 m_awakeNodesQueried=0
2022-04-26 16:29:50.093 Warning, CheckCompletedNodeQueries all=1, deadFound=0 sleepingOnly=1
2022-04-26 16:29:50.093 Info,          Node query processing complete.
2022-04-26 16:29:50.093 Info, Saving Cache
2022-04-26 16:29:50.093 Info, Node001, Cache Save for Node 1 as its QueryStage_CacheLoad
2022-04-26 16:29:50.093 Detail, Node001, Notification: NodeQueriesComplete
2022-04-26 16:29:50.093 Detail, contrlr, Notification: AllNodesQueried
2022-04-26 16:31:08.384 Info, mgr,     Driver for controller /dev/ttyACM1 pending removal
2022-04-26 16:31:08.384 Detail, Notification: DriverRemoved
2022-04-26 16:31:08.385 Always, ***************************************************************************
2022-04-26 16:31:08.385 Always, *********************  Cumulative Network Statistics  *********************
2022-04-26 16:31:08.385 Always, *** General
2022-04-26 16:31:08.385 Always, Driver run time: . .  . 0 days, 0 hours, 1 minutes
2022-04-26 16:31:08.385 Always, Frames processed: . . . . . . . . . . . . . . . . . . . . 11
2022-04-26 16:31:08.385 Always, Total messages successfully received: . . . . . . . . . . 11
2022-04-26 16:31:08.385 Always, Total Messages successfully sent: . . . . . . . . . . . . 12
2022-04-26 16:31:08.385 Always, ACKs received from controller:  . . . . . . . . . . . . . 12
2022-04-26 16:31:08.385 Always, *** Errors
2022-04-26 16:31:08.385 Always, Unsolicited messages received while waiting for ACK:  . . 0
2022-04-26 16:31:08.385 Always, Reads aborted due to timeouts:  . . . . . . . . . . . . . 0
2022-04-26 16:31:08.385 Always, Bad checksum errors:  . . . . . . . . . . . . . . . . . . 0
2022-04-26 16:31:08.385 Always, CANs received from controller:  . . . . . . . . . . . . . 0
2022-04-26 16:31:08.385 Always, NAKs received from controller:  . . . . . . . . . . . . . 0
2022-04-26 16:31:08.385 Always, Out of frame data flow errors:  . . . . . . . . . . . . . 0
2022-04-26 16:31:08.385 Always, Messages retransmitted: . . . . . . . . . . . . . . . . . 0
2022-04-26 16:31:08.385 Always, Messages dropped and not delivered: . . . . . . . . . . . 0
2022-04-26 16:31:08.385 Always, ***************************************************************************
2022-04-26 16:31:08.385 Info, Saving Cache
2022-04-26 16:31:08.385 Info, Node001, Cache Save for Node 1 as its QueryStage_CacheLoad
2022-04-26 16:31:08.385 Detail, WriteMsg Wait Timeout m_currentMsg=00000000
2022-04-26 16:31:08.385 Info, Stopping DNSThread
2022-04-26 16:31:10.442 Info, mgr,     Driver for controller /dev/ttyACM1 removed
2022-04-26 16:31:10.460 Error, mgr,     Manager::GetDriver failed - Home ID 0xcd6d8eda is unknown
2022-04-26 16:31:10.460 Warning, Exception: Manager.cpp:408 - 100 - Invalid HomeId passed to GetDriver
2022-04-26 16:31:10.625 Always, OpenZwave Version 1.6-2014-gb67f3c3e-dirty Starting Up
2022-04-26 16:31:10.628 Info, Loading Localization File config/Localization.xml
2022-04-26 16:31:10.629 Info, Loaded config/Localization.xml With Revision 12
2022-04-26 16:31:10.629 Always, Using Language Localization fr
2022-04-26 16:31:10.629 Info, Loading NotificationCCTypes File config/NotificationCCTypes.xml
2022-04-26 16:31:10.629 Info, Loaded config/NotificationCCTypes.xml With Revision 11
2022-04-26 16:31:10.630 Info, Loading SensorMultiLevelCCTypes File config/SensorMultiLevelCCTypes.xml
2022-04-26 16:31:10.630 Info, Loaded config/SensorMultiLevelCCTypes.xml With Revision 4
2022-04-26 16:31:10.630 Info, Setting Up Provided Network Key for Secure Communications
2022-04-26 16:31:10.630 Warning, Failed - Network Key Not Set
2022-04-26 16:31:10.633 Info, Manufacturer_Specific.xml file Revision is 172
2022-04-26 16:31:10.748 Info, Product name collision: SmartCode 910 type 1 id 1 manufacturerid 90, collides with Touchpad Electronic Deadbolt, type 1 id 1 manufacturerid 90
2022-04-26 16:31:10.757 Info, Product name collision: MS11Z type ff00 id ff04 manufacturerid 312, collides with LZW30 Switch, type ff00 id ff04 manufacturerid 312
2022-04-26 16:31:10.781 Info, Product name collision: NAS-CS01Z Curtain Switch type 200 id 102c manufacturerid 258, collides with NAS-SC03ZE Roller Shutter, type 200 id 102c manufacturerid 258
2022-04-26 16:31:10.806 Info, Queuing Lookup on mfs.db.openzwave.com for Node 0
2022-04-26 16:31:10.807 Info,   Opening controller /dev/ttyACM1
2022-04-26 16:31:10.807 Info, Trying to open serial port /dev/ttyACM1 (attempt 1)
2022-04-26 16:31:10.807 Info, Starting DNSThread
2022-04-26 16:31:10.807 Info, mgr,     Added driver for controller /dev/ttyACM1
2022-04-26 16:31:10.807 Info, Timer: thread starting
2022-04-26 16:31:10.807 Detail, Timer: waiting with timeout -1 ms
2022-04-26 16:31:10.807 Info, LookupTxT Checking mfs.db.openzwave.com
2022-04-26 16:31:10.807 Info, Lookup for mfs.db.openzwave.com returned 151
2022-04-26 16:31:10.831 Info, Serial port /dev/ttyACM1 opened (attempt 1)
2022-04-26 16:31:10.831 Detail, contrlr, Queuing (Command) FUNC_ID_ZW_GET_VERSION: 0x01, 0x03, 0x00, 0x15, 0xe9
2022-04-26 16:31:11.009 Info, ManufacturerSpecificDB Initialized
2022-04-26 16:31:11.009 Detail, Notification: ManufacturerSpecificDB Ready
2022-04-26 16:31:11.009 Detail, 
2022-04-26 16:31:11.009 Info, contrlr, Sending (Command) message (Callback ID=0x00, Expected Reply=0x15) - FUNC_ID_ZW_GET_VERSION: 0x01, 0x03, 0x00, 0x15, 0xe9
2022-04-26 16:31:11.009 Info, contrlr, Encrypted Flag is 0
2022-04-26 16:31:11.021 Detail, contrlr,   Received: 0x01, 0x10, 0x01, 0x15, 0x5a, 0x2d, 0x57, 0x61, 0x76, 0x65, 0x20, 0x34, 0x2e, 0x36, 0x31, 0x00, 0x01, 0x95
2022-04-26 16:31:11.021 Detail, 
2022-04-26 16:31:11.021 Info, contrlr, Received reply to FUNC_ID_ZW_GET_VERSION:
2022-04-26 16:31:11.021 Info, contrlr,     Static Controller library, version Z-Wave 4.61
2022-04-26 16:31:11.021 Detail, contrlr, Queuing (Command) FUNC_ID_ZW_MEMORY_GET_ID: 0x01, 0x03, 0x00, 0x20, 0xdc
2022-04-26 16:31:11.021 Detail, contrlr,   Expected reply was received
2022-04-26 16:31:11.021 Detail, contrlr,   Message transaction complete
2022-04-26 16:31:11.021 Detail, 
2022-04-26 16:31:11.021 Detail, contrlr, Removing current message
2022-04-26 16:31:11.021 Detail, 
2022-04-26 16:31:11.021 Info, contrlr, Sending (Command) message (Callback ID=0x00, Expected Reply=0x20) - FUNC_ID_ZW_MEMORY_GET_ID: 0x01, 0x03, 0x00, 0x20, 0xdc
2022-04-26 16:31:11.021 Info, contrlr, Encrypted Flag is 0
2022-04-26 16:31:11.030 Detail, contrlr,   Received: 0x01, 0x08, 0x01, 0x20, 0xcd, 0x6d, 0x8e, 0xda, 0x01, 0x23
2022-04-26 16:31:11.030 Detail, 
2022-04-26 16:31:11.030 Info, contrlr, Received reply to FUNC_ID_ZW_MEMORY_GET_ID. Home ID = 0xcd6d8eda.  Our node ID = 1
2022-04-26 16:31:11.030 Detail, contrlr, Queuing (Command) FUNC_ID_ZW_GET_CONTROLLER_CAPABILITIES: 0x01, 0x03, 0x00, 0x05, 0xf9
2022-04-26 16:31:11.030 Detail, contrlr,   Expected reply was received
2022-04-26 16:31:11.030 Detail, contrlr,   Message transaction complete
2022-04-26 16:31:11.030 Detail, 
2022-04-26 16:31:11.030 Detail, contrlr, Removing current message
2022-04-26 16:31:11.030 Detail, 
2022-04-26 16:31:11.030 Info, contrlr, Sending (Command) message (Callback ID=0x00, Expected Reply=0x05) - FUNC_ID_ZW_GET_CONTROLLER_CAPABILITIES: 0x01, 0x03, 0x00, 0x05, 0xf9
2022-04-26 16:31:11.030 Info, contrlr, Encrypted Flag is 0
2022-04-26 16:31:11.037 Detail, contrlr,   Received: 0x01, 0x04, 0x01, 0x05, 0x3c, 0xc3
2022-04-26 16:31:11.037 Detail, 
2022-04-26 16:31:11.037 Info, contrlr, Received reply to FUNC_ID_ZW_GET_CONTROLLER_CAPABILITIES:
2022-04-26 16:31:11.037 Info, contrlr,     There is a SUC ID Server (SIS) in this network.
2022-04-26 16:31:11.037 Info, contrlr,     The PC controller is an inclusion static update controller (SUC) and was the original primary before the SIS was added.
2022-04-26 16:31:11.038 Detail, contrlr, Queuing (Command) FUNC_ID_ZW_GET_SUC_NODE_ID: 0x01, 0x03, 0x00, 0x56, 0xaa
2022-04-26 16:31:11.038 Detail, contrlr,   Expected reply was received
2022-04-26 16:31:11.038 Detail, contrlr,   Message transaction complete
2022-04-26 16:31:11.038 Detail, 
2022-04-26 16:31:11.038 Detail, contrlr, Removing current message
2022-04-26 16:31:11.038 Detail, 
2022-04-26 16:31:11.038 Info, contrlr, Sending (Command) message (Callback ID=0x00, Expected Reply=0x56) - FUNC_ID_ZW_GET_SUC_NODE_ID: 0x01, 0x03, 0x00, 0x56, 0xaa
2022-04-26 16:31:11.038 Info, contrlr, Encrypted Flag is 0
2022-04-26 16:31:11.044 Detail, contrlr,   Received: 0x01, 0x04, 0x01, 0x56, 0x01, 0xad
2022-04-26 16:31:11.044 Detail, 
2022-04-26 16:31:11.044 Info, contrlr, Received reply to GET_SUC_NODE_ID.  Node ID = 1
2022-04-26 16:31:11.044 Detail, contrlr, Queuing (Command) FUNC_ID_SERIAL_API_GET_CAPABILITIES: 0x01, 0x03, 0x00, 0x07, 0xfb
2022-04-26 16:31:11.044 Detail, contrlr,   Expected reply was received
2022-04-26 16:31:11.044 Detail, contrlr,   Message transaction complete
2022-04-26 16:31:11.044 Detail, 
2022-04-26 16:31:11.044 Detail, contrlr, Removing current message
2022-04-26 16:31:11.044 Detail, 
2022-04-26 16:31:11.044 Info, contrlr, Sending (Command) message (Callback ID=0x00, Expected Reply=0x07) - FUNC_ID_SERIAL_API_GET_CAPABILITIES: 0x01, 0x03, 0x00, 0x07, 0xfb
2022-04-26 16:31:11.044 Info, contrlr, Encrypted Flag is 0
2022-04-26 16:31:11.054 Detail, contrlr,   Received: 0x01, 0x2b, 0x01, 0x07, 0x05, 0x19, 0x01, 0x15, 0x04, 0x00, 0x00, 0x01, 0xfe, 0x85, 0x7f, 0x88, 0xcf, 0x3f, 0xc0, 0x47, 0xfb, 0xdf, 0xfd, 0xe0, 0x67, 0x00, 0x80, 0x80, 0x00, 0x80, 0x86, 0x00, 0x00, 0x00, 0xe8, 0x73, 0x00, 0x80, 0x0f, 0x00, 0x00, 0x60, 0x5a, 0x00, 0x52
2022-04-26 16:31:11.054 Detail, 
2022-04-26 16:31:11.054 Info, contrlr,  Received reply to FUNC_ID_SERIAL_API_GET_CAPABILITIES
2022-04-26 16:31:11.054 Info, contrlr,     Serial API Version:   5.25
2022-04-26 16:31:11.054 Info, contrlr,     Manufacturer ID:      0x0115
2022-04-26 16:31:11.054 Info, contrlr,     Product Type:         0x0400
2022-04-26 16:31:11.054 Info, contrlr,     Product ID:           0x0001
2022-04-26 16:31:11.054 Detail, contrlr, Queuing (Command) FUNC_ID_ZW_GET_RANDOM: 0x01, 0x04, 0x00, 0x1c, 0x20, 0xc7
2022-04-26 16:31:11.054 Detail, contrlr, Queuing (Command) FUNC_ID_SERIAL_API_SETUP: 0x01, 0x05, 0x00, 0x0b, 0x02, 0x01, 0xf2
2022-04-26 16:31:11.054 Detail, contrlr, Queuing (Command) FUNC_ID_SERIAL_API_GET_INIT_DATA: 0x01, 0x03, 0x00, 0x02, 0xfe
2022-04-26 16:31:11.054 Detail, contrlr, Queuing (Command) FUNC_ID_SERIAL_API_SET_TIMEOUTS: 0x01, 0x05, 0x00, 0x06, 0x64, 0x0f, 0x97
2022-04-26 16:31:11.054 Detail, contrlr, Queuing (Command) FUNC_ID_SERIAL_API_APPL_NODE_INFORMATION: 0x01, 0x08, 0x00, 0x03, 0x01, 0x02, 0x01, 0x01, 0x5e, 0xa9
2022-04-26 16:31:11.054 Detail, contrlr,   Expected reply was received
2022-04-26 16:31:11.054 Detail, contrlr,   Message transaction complete
2022-04-26 16:31:11.054 Detail, 
2022-04-26 16:31:11.054 Detail, contrlr, Removing current message
2022-04-26 16:31:11.054 Detail, 
2022-04-26 16:31:11.054 Info, contrlr, Sending (Command) message (Callback ID=0x00, Expected Reply=0x1c) - FUNC_ID_ZW_GET_RANDOM: 0x01, 0x04, 0x00, 0x1c, 0x20, 0xc7
2022-04-26 16:31:11.054 Info, contrlr, Encrypted Flag is 0
2022-04-26 16:31:11.618 Warning, WARNING: 500ms passed without reading the rest of the frame...aborting frame read
2022-04-26 16:31:12.109 Detail, contrlr,   Received: 0x01, 0x1c, 0x01, 0x20, 0x15, 0x0c, 0xf9, 0x71, 0x8f, 0x88, 0x20, 0xdb, 0xb5, 0xfd, 0x89, 0x57, 0xf0, 0xe4, 0xe1, 0x4d, 0x16, 0xd2, 0x75, 0xd3, 0x19, 0xa2, 0x53, 0x13, 0x0d, 0x52
2022-04-26 16:31:12.109 Warning, contrlr, WARNING: Checksum incorrect - sending NAK
2022-04-26 16:31:12.122 Warning, WARNING: Out of frame flow! (0x25).  Sending NAK.
2022-04-26 16:31:12.127 Warning, WARNING: Out of frame flow! (0x20).  Sending NAK.
2022-04-26 16:31:12.130 Detail, contrlr,   Received: 0x01, 0x25, 0x01, 0x1c, 0x01, 0x20, 0x15, 0x0c, 0xf9, 0x71, 0x8f, 0x88, 0x20, 0xdb, 0xb5, 0xfd, 0x89, 0x57, 0xf0, 0xe4, 0xe1, 0x4d, 0x16, 0xd2, 0x75, 0xd3, 0x19, 0xa2, 0x53, 0x13, 0x0d, 0x52, 0xbb, 0x4e, 0xde, 0xd5, 0x4e, 0x25, 0xf6
2022-04-26 16:31:12.130 Detail, 
2022-04-26 16:31:12.130 Info, Received reply to FUNC_ID_ZW_GET_RANDOM: true
2022-04-26 16:31:12.130 Detail, contrlr,   Expected reply was received
2022-04-26 16:31:12.130 Detail, contrlr,   Message transaction complete
2022-04-26 16:31:12.130 Detail, 
2022-04-26 16:31:12.130 Detail, contrlr, Removing current message
2022-04-26 16:31:12.130 Detail, 
2022-04-26 16:31:12.130 Info, contrlr, Sending (Command) message (Callback ID=0x00, Expected Reply=0x0b) - FUNC_ID_SERIAL_API_SETUP: 0x01, 0x05, 0x00, 0x0b, 0x02, 0x01, 0xf2
2022-04-26 16:31:12.130 Info, contrlr, Encrypted Flag is 0
2022-04-26 16:31:12.138 Detail, contrlr,   Received: 0x01, 0x05, 0x01, 0x0b, 0x02, 0x01, 0xf3
2022-04-26 16:31:12.138 Detail, 
2022-04-26 16:31:12.138 Info, Received reply to FUNC_ID_SERIAL_API_SETUP
2022-04-26 16:31:12.138 Info, Successfully enabled extended txStatusReport.
2022-04-26 16:31:12.138 Detail, contrlr,   Expected reply was received
2022-04-26 16:31:12.138 Detail, contrlr,   Message transaction complete
2022-04-26 16:31:12.138 Detail, 
2022-04-26 16:31:12.138 Detail, contrlr, Removing current message
2022-04-26 16:31:12.138 Detail, 
2022-04-26 16:31:12.138 Info, contrlr, Sending (Command) message (Callback ID=0x00, Expected Reply=0x02) - FUNC_ID_SERIAL_API_GET_INIT_DATA: 0x01, 0x03, 0x00, 0x02, 0xfe
2022-04-26 16:31:12.138 Info, contrlr, Encrypted Flag is 0
2022-04-26 16:31:12.243 Detail, contrlr,   Received: 0x01, 0x25, 0x01, 0x02, 0x06, 0x08, 0x1d, 0x01, 0x00, 0x00, 0x00, 0x00, 0x00, 0x00, 0x00, 0x00, 0x00, 0x00, 0x00, 0x00, 0x00, 0x00, 0x00, 0x00, 0x00, 0x00, 0x00, 0x00, 0x00, 0x00, 0x00, 0x00, 0x00, 0x00, 0x00, 0x00, 0x05, 0x00, 0xce
2022-04-26 16:31:12.243 Detail, 
2022-04-26 16:31:12.243 Info, mgr,     Driver with Home ID of 0xcd6d8eda is now ready.
2022-04-26 16:31:12.243 Info, 
2022-04-26 16:31:12.243 Info, Node001, (32 - COMMAND_CLASS_BASIC) - Compatibility Flags:
2022-04-26 16:31:12.243 Info, Node001, (32 - COMMAND_CLASS_BASIC) - State Flags:
2022-04-26 16:31:12.243 Info, Node001, 	 AfterMark: true
2022-04-26 16:31:12.244 Warning, Localization::ReadXMLVIDHelp: Error in cpp/examples/cache/ozwcache_0xcd6d8eda.xml at line 21 - No Help Entry for CommandClass 32, ValueID: 1 (-1):  (null) (Lang: )
2022-04-26 16:31:12.244 Warning, Localization::ReadXMLVIDHelp: Error in cpp/examples/cache/ozwcache_0xcd6d8eda.xml at line 24 - No Help Entry for CommandClass 32, ValueID: 2 (-1):  (null) (Lang: )
2022-04-26 16:31:12.244 Info, Node001, (114 - COMMAND_CLASS_MANUFACTURER_SPECIFIC) - Compatibility Flags:
2022-04-26 16:31:12.244 Info, Node001, (114 - COMMAND_CLASS_MANUFACTURER_SPECIFIC) - State Flags:
2022-04-26 16:31:12.244 Info, Node001, 	 StaticRequests: 2
2022-04-26 16:31:12.244 Info, contrlr, Received reply to FUNC_ID_SERIAL_API_GET_INIT_DATA:
2022-04-26 16:31:12.244 Info, contrlr,     Node 001 - Known
2022-04-26 16:31:12.244 Detail, Node001, AdvanceQueries queryPending=0 queryRetries=0 queryStage=CacheLoad live=1
2022-04-26 16:31:12.244 Detail, Node001, QueryStage_CacheLoad
2022-04-26 16:31:12.244 Info, Node001, Loading Cache for node 1: Manufacturer=Z-Wave.Me, Product=ZME_UZB1 USB Stick
2022-04-26 16:31:12.244 Info, Node001, Node Identity Codes: 0115:0400:0001
2022-04-26 16:31:12.244 Detail, Node001, QueryStage_Associations
2022-04-26 16:31:12.244 Detail, Node001, QueryStage_Neighbors
2022-04-26 16:31:12.244 Detail, contrlr, Requesting routing info (neighbor list) for Node 1
2022-04-26 16:31:12.244 Detail, Node001, Queuing (Command) Get Routing Info (Node=1): 0x01, 0x07, 0x00, 0x80, 0x01, 0x00, 0x00, 0x03, 0x7a
2022-04-26 16:31:12.244 Detail, Node001, Queuing (Query) Query Stage Complete (Neighbors)
2022-04-26 16:31:12.244 Detail, contrlr,   Expected reply was received
2022-04-26 16:31:12.244 Detail, contrlr,   Message transaction complete
2022-04-26 16:31:12.244 Detail, 
2022-04-26 16:31:12.244 Detail, contrlr, Removing current message
2022-04-26 16:31:12.244 Detail, Node001, Notification: DriverReady
2022-04-26 16:31:12.244 Detail, Node001, Notification: NodeAdded
2022-04-26 16:31:12.244 Detail, Node001, Notification: NodeProtocolInfo
2022-04-26 16:31:12.244 Detail, Node001, Notification: EssentialNodeQueriesComplete
2022-04-26 16:31:12.244 Detail, Node001, Notification: ValueAdded CC: COMMAND_CLASS_BASIC Instance: 1 Index: 0
2022-04-26 16:31:12.245 Detail, Node001, Notification: ValueAdded CC: COMMAND_CLASS_BASIC Instance: 1 Index: 1
2022-04-26 16:31:12.245 Detail, Node001, Notification: ValueAdded CC: COMMAND_CLASS_BASIC Instance: 1 Index: 2
2022-04-26 16:31:12.245 Detail, Node001, Notification: ValueAdded CC: COMMAND_CLASS_MANUFACTURER_SPECIFIC Instance: 1 Index: 0
2022-04-26 16:31:12.245 Detail, Node001, Notification: ValueAdded CC: COMMAND_CLASS_MANUFACTURER_SPECIFIC Instance: 1 Index: 1
2022-04-26 16:31:12.245 Detail, Node001, Notification: ValueAdded CC: COMMAND_CLASS_MANUFACTURER_SPECIFIC Instance: 1 Index: 2
2022-04-26 16:31:12.245 Detail, Node001, Notification: NodeNaming
2022-04-26 16:31:12.245 Detail, 
2022-04-26 16:31:12.245 Info, contrlr, Sending (Command) message (Callback ID=0x00, Expected Reply=0x06) - FUNC_ID_SERIAL_API_SET_TIMEOUTS: 0x01, 0x05, 0x00, 0x06, 0x64, 0x0f, 0x97
2022-04-26 16:31:12.245 Info, contrlr, Encrypted Flag is 0
2022-04-26 16:31:12.251 Detail, contrlr,   Received: 0x01, 0x05, 0x01, 0x06, 0x64, 0x0f, 0x96
2022-04-26 16:31:12.251 Detail, 
2022-04-26 16:31:12.251 Info, contrlr, Received reply to FUNC_ID_SERIAL_API_SET_TIMEOUTS
2022-04-26 16:31:12.251 Detail, contrlr,   Expected reply was received
2022-04-26 16:31:12.251 Detail, contrlr,   Message transaction complete
2022-04-26 16:31:12.251 Detail, 
2022-04-26 16:31:12.251 Detail, contrlr, Removing current message
2022-04-26 16:31:12.251 Detail, 
2022-04-26 16:31:12.251 Info, contrlr, Sending (Command) message (Callback ID=0x00, Expected Reply=0x00) - FUNC_ID_SERIAL_API_APPL_NODE_INFORMATION: 0x01, 0x08, 0x00, 0x03, 0x01, 0x02, 0x01, 0x01, 0x5e, 0xa9
2022-04-26 16:31:12.251 Info, contrlr, Encrypted Flag is 0
2022-04-26 16:31:12.257 Detail, contrlr, Removing current message
2022-04-26 16:31:12.257 Detail, 
2022-04-26 16:31:12.257 Info, Node001, Sending (Command) message (Callback ID=0x00, Expected Reply=0x80) - Get Routing Info (Node=1): 0x01, 0x07, 0x00, 0x80, 0x01, 0x00, 0x00, 0x03, 0x7a
2022-04-26 16:31:12.257 Info, Node001, Encrypted Flag is 0
2022-04-26 16:31:12.267 Detail, Node001,   Received: 0x01, 0x20, 0x01, 0x80, 0x00, 0x00, 0x00, 0x00, 0x00, 0x00, 0x00, 0x00, 0x00, 0x00, 0x00, 0x00, 0x00, 0x00, 0x00, 0x00, 0x00, 0x00, 0x00, 0x00, 0x00, 0x00, 0x00, 0x00, 0x00, 0x00, 0x00, 0x00, 0x00, 0x5e
2022-04-26 16:31:12.267 Detail, 
2022-04-26 16:31:12.267 Info, Node001, Received reply to FUNC_ID_ZW_GET_ROUTING_INFO
2022-04-26 16:31:12.267 Info, Node001,     Neighbors of this node are:
2022-04-26 16:31:12.268 Info, Node001,  (none reported)
2022-04-26 16:31:12.268 Detail, Node001,   Expected reply was received
2022-04-26 16:31:12.268 Detail, Node001,   Message transaction complete
2022-04-26 16:31:12.268 Detail, 
2022-04-26 16:31:12.268 Detail, Node001, Removing current message
2022-04-26 16:31:12.268 Detail, Node001, Query Stage Complete (Neighbors)
2022-04-26 16:31:12.268 Detail, Node001, AdvanceQueries queryPending=0 queryRetries=0 queryStage=Session live=1
2022-04-26 16:31:12.268 Detail, Node001, QueryStage_Session
2022-04-26 16:31:12.268 Detail, Node001, QueryStage_Dynamic
2022-04-26 16:31:12.268 Detail, Node001, QueryStage_Configuration
2022-04-26 16:31:12.268 Detail, Node001, QueryStage_Complete
2022-04-26 16:31:12.268 Warning, CheckCompletedNodeQueries m_allNodesQueried=0 m_awakeNodesQueried=0
2022-04-26 16:31:12.268 Warning, CheckCompletedNodeQueries all=1, deadFound=0 sleepingOnly=1
2022-04-26 16:31:12.268 Info,          Node query processing complete.
2022-04-26 16:31:12.268 Info, Saving Cache
2022-04-26 16:31:12.268 Info, Node001, Cache Save for Node 1 as its QueryStage_CacheLoad
2022-04-26 16:31:12.268 Detail, Node001, Notification: NodeQueriesComplete
2022-04-26 16:31:12.268 Detail, contrlr, Notification: AllNodesQueried
